<?xml version="1.0" encoding="UTF-8"?>
<!-- Generated by org.testng.reporters.JUnitXMLReporter -->
<testsuite ignored="0" hostname="Supercomputer" failures="3" tests="5" name="Test" time="62.835" errors="0" timestamp="2022-08-18T18:05:06 IST">
  <testcase classname="testNG.dataprovider" name="f" time="29.723">
    <failure type="java.lang.AssertionError" message="expected [Wrong username and password combination.] but found [Temporary error occured[#5001], please try again.]">
      <![CDATA[java.lang.AssertionError: expected [Wrong username and password combination.] but found [Temporary error occured[#5001], please try again.]
at testNG.dataprovider.f(dataprovider.java:25)
at java.base/java.util.ArrayList.forEach(ArrayList.java:1511)
... Removed 31 stack frames]]>
    </failure>
  </testcase> <!-- f -->
  <testcase classname="testNG.dataprovider" name="f" time="2.669"/>
  <testcase classname="testNG.dataprovider" name="f" time="1.095">
    <failure type="java.lang.AssertionError" message="expected [Wrong username and password combination.] but found [Temporary error occured[#5001], please try again.]">
      <![CDATA[java.lang.AssertionError: expected [Wrong username and password combination.] but found [Temporary error occured[#5001], please try again.]
at testNG.dataprovider.f(dataprovider.java:25)
at java.base/java.util.ArrayList.forEach(ArrayList.java:1511)
... Removed 31 stack frames]]>
    </failure>
  </testcase> <!-- f -->
  <testcase classname="testNG.dataprovider" name="f" time="1.377"/>
  <testcase classname="testNG.dataprovider" name="f" time="2.149">
    <failure type="java.lang.AssertionError" message="expected [Wrong username and password combination.] but found [Temporary Issue. Please try again later. [#5002]]">
      <![CDATA[java.lang.AssertionError: expected [Wrong username and password combination.] but found [Temporary Issue. Please try again later. [#5002]]
at testNG.dataprovider.f(dataprovider.java:25)
at java.base/java.util.ArrayList.forEach(ArrayList.java:1511)
... Removed 31 stack frames]]>
    </failure>
  </testcase> <!-- f -->
</testsuite> <!-- Test -->
