<?xml version="1.0" encoding="UTF-8"?>
<!-- Generated by org.testng.reporters.JUnitXMLReporter -->
<testsuite ignored="0" hostname="Supercomputer" failures="3" tests="8" name="try" time="60.853" errors="0" timestamp="2022-08-18T17:38:20 IST">
  <testcase classname="testNG.App" name="test1" time="4.449"/>
  <testcase classname="testNG.App" name="test2" time="4.68"/>
  <testcase classname="testNG.App" name="test3" time="3.122"/>
  <testcase classname="testNG.dataprovider" name="f" time="9.464">
    <failure type="java.lang.AssertionError" message="expected [Wrong username and password combination.] but found [Temporary error occured[#5001], please try again.]">
      <![CDATA[java.lang.AssertionError: expected [Wrong username and password combination.] but found [Temporary error occured[#5001], please try again.]
at testNG.dataprovider.f(dataprovider.java:25)
at java.base/java.util.ArrayList.forEach(ArrayList.java:1511)
... Removed 31 stack frames]]>
    </failure>
  </testcase> <!-- f -->
  <testcase classname="testNG.dataprovider" name="f" time="2.527"/>
  <testcase classname="testNG.dataprovider" name="f" time="2.433">
    <failure type="java.lang.AssertionError" message="expected [Wrong username and password combination.] but found [Temporary error occured[#5001], please try again.]">
      <![CDATA[java.lang.AssertionError: expected [Wrong username and password combination.] but found [Temporary error occured[#5001], please try again.]
at testNG.dataprovider.f(dataprovider.java:25)
at java.base/java.util.ArrayList.forEach(ArrayList.java:1511)
... Removed 31 stack frames]]>
    </failure>
  </testcase> <!-- f -->
  <testcase classname="testNG.dataprovider" name="f" time="1.592"/>
  <testcase classname="testNG.dataprovider" name="f" time="2.111">
    <failure type="java.lang.AssertionError" message="expected [Wrong username and password combination.] but found [Temporary Issue. Please try again later. [#5002]]">
      <![CDATA[java.lang.AssertionError: expected [Wrong username and password combination.] but found [Temporary Issue. Please try again later. [#5002]]
at testNG.dataprovider.f(dataprovider.java:25)
at java.base/java.util.ArrayList.forEach(ArrayList.java:1511)
... Removed 31 stack frames]]>
    </failure>
  </testcase> <!-- f -->
</testsuite> <!-- try -->
